This is pdfTeX, Version 3.14159265-2.6-1.40.17 (MiKTeX 2.9.6210 64-bit) (preloaded format=pdflatex 2017.4.12)  24 APR 2017 15:55
entering extended mode
**./report.tex
(report.tex
LaTeX2e <2017/01/01> patch level 1
Babel <3.9r> and hyphenation patterns for 75 language(s) loaded.
("C:\Program Files\MiKTeX 2.9\tex\latex\base\report.cls"
Document Class: report 2014/09/29 v1.4h Standard LaTeX document class
("C:\Program Files\MiKTeX 2.9\tex\latex\base\size12.clo"
File: size12.clo 2014/09/29 v1.4h Standard LaTeX file (size option)
)
\c@part=\count79
\c@chapter=\count80
\c@section=\count81
\c@subsection=\count82
\c@subsubsection=\count83
\c@paragraph=\count84
\c@subparagraph=\count85
\c@figure=\count86
\c@table=\count87
\abovecaptionskip=\skip41
\belowcaptionskip=\skip42
\bibindent=\dimen102
)
("C:\Program Files\MiKTeX 2.9\tex\latex\amsmath\amsmath.sty"
Package: amsmath 2016/11/05 v2.16a AMS math features
\@mathmargin=\skip43

For additional information on amsmath, use the `?' option.
("C:\Program Files\MiKTeX 2.9\tex\latex\amsmath\amstext.sty"
Package: amstext 2000/06/29 v2.01 AMS text

("C:\Program Files\MiKTeX 2.9\tex\latex\amsmath\amsgen.sty"
File: amsgen.sty 1999/11/30 v2.0 generic functions
\@emptytoks=\toks14
\ex@=\dimen103
))
("C:\Program Files\MiKTeX 2.9\tex\latex\amsmath\amsbsy.sty"
Package: amsbsy 1999/11/29 v1.2d Bold Symbols
\pmbraise@=\dimen104
)
("C:\Program Files\MiKTeX 2.9\tex\latex\amsmath\amsopn.sty"
Package: amsopn 2016/03/08 v2.02 operator names
)
\inf@bad=\count88
LaTeX Info: Redefining \frac on input line 213.
\uproot@=\count89
\leftroot@=\count90
LaTeX Info: Redefining \overline on input line 375.
\classnum@=\count91
\DOTSCASE@=\count92
LaTeX Info: Redefining \ldots on input line 472.
LaTeX Info: Redefining \dots on input line 475.
LaTeX Info: Redefining \cdots on input line 596.
\Mathstrutbox@=\box26
\strutbox@=\box27
\big@size=\dimen105
LaTeX Font Info:    Redeclaring font encoding OML on input line 712.
LaTeX Font Info:    Redeclaring font encoding OMS on input line 713.
\macc@depth=\count93
\c@MaxMatrixCols=\count94
\dotsspace@=\muskip10
\c@parentequation=\count95
\dspbrk@lvl=\count96
\tag@help=\toks15
\row@=\count97
\column@=\count98
\maxfields@=\count99
\andhelp@=\toks16
\eqnshift@=\dimen106
\alignsep@=\dimen107
\tagshift@=\dimen108
\tagwidth@=\dimen109
\totwidth@=\dimen110
\lineht@=\dimen111
\@envbody=\toks17
\multlinegap=\skip44
\multlinetaggap=\skip45
\mathdisplay@stack=\toks18
LaTeX Info: Redefining \[ on input line 2817.
LaTeX Info: Redefining \] on input line 2818.
)
("C:\Program Files\MiKTeX 2.9\tex\latex\graphics\graphicx.sty"
Package: graphicx 2014/10/28 v1.0g Enhanced LaTeX Graphics (DPC,SPQR)

("C:\Program Files\MiKTeX 2.9\tex\latex\graphics\keyval.sty"
Package: keyval 2014/10/28 v1.15 key=value parser (DPC)
\KV@toks@=\toks19
)
("C:\Program Files\MiKTeX 2.9\tex\latex\graphics\graphics.sty"
Package: graphics 2016/10/09 v1.0u Standard LaTeX Graphics (DPC,SPQR)

("C:\Program Files\MiKTeX 2.9\tex\latex\graphics\trig.sty"
Package: trig 2016/01/03 v1.10 sin cos tan (DPC)
)
("C:\Program Files\MiKTeX 2.9\tex\latex\graphics-cfg\graphics.cfg"
File: graphics.cfg 2016/06/04 v1.11 sample graphics configuration
)
Package graphics Info: Driver file: pdftex.def on input line 99.

("C:\Program Files\MiKTeX 2.9\tex\latex\graphics-def\pdftex.def"
File: pdftex.def 2017/01/12 v0.06k Graphics/color for pdfTeX

("C:\Program Files\MiKTeX 2.9\tex\generic\oberdiek\infwarerr.sty"
Package: infwarerr 2016/05/16 v1.4 Providing info/warning/error messages (HO)
)
("C:\Program Files\MiKTeX 2.9\tex\generic\oberdiek\ltxcmds.sty"
Package: ltxcmds 2016/05/16 v1.23 LaTeX kernel commands for general use (HO)
)
\Gread@gobject=\count100
))
\Gin@req@height=\dimen112
\Gin@req@width=\dimen113
)
(C:\Users\parth\AppData\Roaming\MiKTeX\2.9\tex\latex\url\url.sty
\Urlmuskip=\muskip11
Package: url 2013/09/16  ver 3.4  Verb mode for urls, etc.
)
("C:\Program Files\MiKTeX 2.9\tex\latex\amsfonts\amsfonts.sty"
Package: amsfonts 2013/01/14 v3.01 Basic AMSFonts support
\symAMSa=\mathgroup4
\symAMSb=\mathgroup5
LaTeX Font Info:    Overwriting math alphabet `\mathfrak' in version `bold'
(Font)                  U/euf/m/n --> U/euf/b/n on input line 106.
)
("C:\Program Files\MiKTeX 2.9\tex\latex\amsfonts\amssymb.sty"
Package: amssymb 2013/01/14 v3.01 AMS font symbols
)
("C:\Program Files\MiKTeX 2.9\tex\latex\hyperref\hyperref.sty"
Package: hyperref 2016/06/24 v6.83q Hypertext links for LaTeX

("C:\Program Files\MiKTeX 2.9\tex\generic\oberdiek\hobsub-hyperref.sty"
Package: hobsub-hyperref 2016/05/16 v1.14 Bundle oberdiek, subset hyperref (HO)


("C:\Program Files\MiKTeX 2.9\tex\generic\oberdiek\hobsub-generic.sty"
Package: hobsub-generic 2016/05/16 v1.14 Bundle oberdiek, subset generic (HO)
Package: hobsub 2016/05/16 v1.14 Construct package bundles (HO)
Package hobsub Info: Skipping package `infwarerr' (already loaded).
Package hobsub Info: Skipping package `ltxcmds' (already loaded).
Package: ifluatex 2016/05/16 v1.4 Provides the ifluatex switch (HO)
Package ifluatex Info: LuaTeX not detected.
Package: ifvtex 2016/05/16 v1.6 Detect VTeX and its facilities (HO)
Package ifvtex Info: VTeX not detected.
Package: intcalc 2016/05/16 v1.2 Expandable calculations with integers (HO)
Package: ifpdf 2016/05/14 v3.1 Provides the ifpdf switch
Package: etexcmds 2016/05/16 v1.6 Avoid name clashes with e-TeX commands (HO)
Package etexcmds Info: Could not find \expanded.
(etexcmds)             That can mean that you are not using pdfTeX 1.50 or
(etexcmds)             that some package has redefined \expanded.
(etexcmds)             In the latter case, load this package earlier.
Package: kvsetkeys 2016/05/16 v1.17 Key value parser (HO)
Package: kvdefinekeys 2016/05/16 v1.4 Define keys (HO)
Package: pdftexcmds 2016/05/21 v0.22 Utility functions of pdfTeX for LuaTeX (HO
)
Package pdftexcmds Info: LuaTeX not detected.
Package pdftexcmds Info: \pdf@primitive is available.
Package pdftexcmds Info: \pdf@ifprimitive is available.
Package pdftexcmds Info: \pdfdraftmode found.
Package: pdfescape 2016/05/16 v1.14 Implements pdfTeX's escape features (HO)
Package: bigintcalc 2016/05/16 v1.4 Expandable calculations on big integers (HO
)
Package: bitset 2016/05/16 v1.2 Handle bit-vector datatype (HO)
Package: uniquecounter 2016/05/16 v1.3 Provide unlimited unique counter (HO)
)
Package hobsub Info: Skipping package `hobsub' (already loaded).
Package: letltxmacro 2016/05/16 v1.5 Let assignment for LaTeX macros (HO)
Package: hopatch 2016/05/16 v1.3 Wrapper for package hooks (HO)
Package: xcolor-patch 2016/05/16 xcolor patch
Package: atveryend 2016/05/16 v1.9 Hooks at the very end of document (HO)
Package atveryend Info: \enddocument detected (standard20110627).
Package: atbegshi 2016/06/09 v1.18 At begin shipout hook (HO)
Package: refcount 2016/05/16 v3.5 Data extraction from label references (HO)
Package: hycolor 2016/05/16 v1.8 Color options for hyperref/bookmark (HO)
)
("C:\Program Files\MiKTeX 2.9\tex\generic\ifxetex\ifxetex.sty"
Package: ifxetex 2010/09/12 v0.6 Provides ifxetex conditional
)
("C:\Program Files\MiKTeX 2.9\tex\latex\oberdiek\auxhook.sty"
Package: auxhook 2016/05/16 v1.4 Hooks for auxiliary files (HO)
)
("C:\Program Files\MiKTeX 2.9\tex\latex\oberdiek\kvoptions.sty"
Package: kvoptions 2016/05/16 v3.12 Key value format for package options (HO)
)
\@linkdim=\dimen114
\Hy@linkcounter=\count101
\Hy@pagecounter=\count102

("C:\Program Files\MiKTeX 2.9\tex\latex\hyperref\pd1enc.def"
File: pd1enc.def 2016/06/24 v6.83q Hyperref: PDFDocEncoding definition (HO)
)
\Hy@SavedSpaceFactor=\count103

("C:\Program Files\MiKTeX 2.9\tex\latex\00miktex\hyperref.cfg"
File: hyperref.cfg 2002/06/06 v1.2 hyperref configuration of TeXLive
)
Package hyperref Info: Option `bookmarks' set `true' on input line 4362.
Package hyperref Info: Option `colorlinks' set `false' on input line 4362.
Package hyperref Info: Hyper figures OFF on input line 4486.
Package hyperref Info: Link nesting OFF on input line 4491.
Package hyperref Info: Hyper index ON on input line 4494.
Package hyperref Info: Plain pages OFF on input line 4501.
Package hyperref Info: Backreferencing OFF on input line 4506.
Package hyperref Info: Implicit mode ON; LaTeX internals redefined.
Package hyperref Info: Bookmarks ON on input line 4735.
\c@Hy@tempcnt=\count104
LaTeX Info: Redefining \url on input line 5088.
\XeTeXLinkMargin=\dimen115
\Fld@menulength=\count105
\Field@Width=\dimen116
\Fld@charsize=\dimen117
Package hyperref Info: Hyper figures OFF on input line 6342.
Package hyperref Info: Link nesting OFF on input line 6347.
Package hyperref Info: Hyper index ON on input line 6350.
Package hyperref Info: backreferencing OFF on input line 6357.
Package hyperref Info: Link coloring OFF on input line 6362.
Package hyperref Info: Link coloring with OCG OFF on input line 6367.
Package hyperref Info: PDF/A mode OFF on input line 6372.
LaTeX Info: Redefining \ref on input line 6412.
LaTeX Info: Redefining \pageref on input line 6416.
\Hy@abspage=\count106
\c@Item=\count107
\c@Hfootnote=\count108
)

Package hyperref Message: Driver (autodetected): hpdftex.

("C:\Program Files\MiKTeX 2.9\tex\latex\hyperref\hpdftex.def"
File: hpdftex.def 2016/06/24 v6.83q Hyperref driver for pdfTeX
\Fld@listcount=\count109
\c@bookmark@seq@number=\count110

("C:\Program Files\MiKTeX 2.9\tex\latex\oberdiek\rerunfilecheck.sty"
Package: rerunfilecheck 2016/05/16 v1.8 Rerun checks for auxiliary files (HO)
Package uniquecounter Info: New unique counter `rerunfilecheck' on input line 2
82.
)
\Hy@SectionHShift=\skip46
)
(C:\Users\parth\AppData\Roaming\MiKTeX\2.9\tex\latex\pdfpages\pdfpages.sty
Package: pdfpages 2017/01/14 v0.5h Insert pages of external PDF documents (AM)

("C:\Program Files\MiKTeX 2.9\tex\latex\base\ifthen.sty"
Package: ifthen 2014/09/29 v1.1c Standard LaTeX ifthen package (DPC)
)
("C:\Program Files\MiKTeX 2.9\tex\latex\tools\calc.sty"
Package: calc 2014/10/28 v4.3 Infix arithmetic (KKT,FJ)
\calc@Acount=\count111
\calc@Bcount=\count112
\calc@Adimen=\dimen118
\calc@Bdimen=\dimen119
\calc@Askip=\skip47
\calc@Bskip=\skip48
LaTeX Info: Redefining \setlength on input line 80.
LaTeX Info: Redefining \addtolength on input line 81.
\calc@Ccount=\count113
\calc@Cskip=\skip49
)
(C:\Users\parth\AppData\Roaming\MiKTeX\2.9\tex\latex\eso-pic\eso-pic.sty
Package: eso-pic 2015/07/21 v2.0g eso-pic (RN)

(C:\Users\parth\AppData\Roaming\MiKTeX\2.9\tex\latex\xcolor\xcolor.sty
Package: xcolor 2016/05/11 v2.12 LaTeX color extensions (UK)

("C:\Program Files\MiKTeX 2.9\tex\latex\graphics-cfg\color.cfg"
File: color.cfg 2016/01/02 v1.6 sample color configuration
)
Package xcolor Info: Driver file: pdftex.def on input line 225.
Package xcolor Info: Model `cmy' substituted by `cmy0' on input line 1348.
Package xcolor Info: Model `hsb' substituted by `rgb' on input line 1352.
Package xcolor Info: Model `RGB' extended on input line 1364.
Package xcolor Info: Model `HTML' substituted by `rgb' on input line 1366.
Package xcolor Info: Model `Hsb' substituted by `hsb' on input line 1367.
Package xcolor Info: Model `tHsb' substituted by `hsb' on input line 1368.
Package xcolor Info: Model `HSB' substituted by `hsb' on input line 1369.
Package xcolor Info: Model `Gray' substituted by `gray' on input line 1370.
Package xcolor Info: Model `wave' substituted by `hsb' on input line 1371.
))
\AM@pagewidth=\dimen120
\AM@pageheight=\dimen121

(C:\Users\parth\AppData\Roaming\MiKTeX\2.9\tex\latex\pdfpages\pppdftex.def
File: pppdftex.def 2017/01/14 v0.5h Pdfpages driver for pdfTeX (AM)
)
\AM@pagebox=\box28
\AM@global@opts=\toks20
\AM@toc@title=\toks21
\c@AM@survey=\count114
\AM@templatesizebox=\box29
)
(report.aux)
\openout1 = `report.aux'.

LaTeX Font Info:    Checking defaults for OML/cmm/m/it on input line 16.
LaTeX Font Info:    ... okay on input line 16.
LaTeX Font Info:    Checking defaults for T1/cmr/m/n on input line 16.
LaTeX Font Info:    ... okay on input line 16.
LaTeX Font Info:    Checking defaults for OT1/cmr/m/n on input line 16.
LaTeX Font Info:    ... okay on input line 16.
LaTeX Font Info:    Checking defaults for OMS/cmsy/m/n on input line 16.
LaTeX Font Info:    ... okay on input line 16.
LaTeX Font Info:    Checking defaults for OMX/cmex/m/n on input line 16.
LaTeX Font Info:    ... okay on input line 16.
LaTeX Font Info:    Checking defaults for U/cmr/m/n on input line 16.
LaTeX Font Info:    ... okay on input line 16.
LaTeX Font Info:    Checking defaults for PD1/pdf/m/n on input line 16.
LaTeX Font Info:    ... okay on input line 16.

(C:\Users\parth\AppData\Roaming\MiKTeX\2.9\tex\context\base\supp-pdf.mkii
[Loading MPS to PDF converter (version 2006.09.02).]
\scratchcounter=\count115
\scratchdimen=\dimen122
\scratchbox=\box30
\nofMPsegments=\count116
\nofMParguments=\count117
\everyMPshowfont=\toks22
\MPscratchCnt=\count118
\MPscratchDim=\dimen123
\MPnumerator=\count119
\makeMPintoPDFobject=\count120
\everyMPtoPDFconversion=\toks23
) ("C:\Program Files\MiKTeX 2.9\tex\latex\oberdiek\epstopdf-base.sty"
Package: epstopdf-base 2016/05/15 v2.6 Base part for package epstopdf

("C:\Program Files\MiKTeX 2.9\tex\latex\oberdiek\grfext.sty"
Package: grfext 2016/05/16 v1.2 Manage graphics extensions (HO)
)
Package epstopdf-base Info: Redefining graphics rule for `.eps' on input line 4
38.
Package grfext Info: Graphics extension search list:
(grfext)             [.png,.pdf,.jpg,.mps,.jpeg,.jbig2,.jb2,.PNG,.PDF,.JPG,.JPE
G,.JBIG2,.JB2,.eps]
(grfext)             \AppendGraphicsExtensions on input line 456.
)
\AtBeginShipoutBox=\box31
Package hyperref Info: Link coloring OFF on input line 16.

("C:\Program Files\MiKTeX 2.9\tex\latex\hyperref\nameref.sty"
Package: nameref 2016/05/21 v2.44 Cross-referencing by name of section

("C:\Program Files\MiKTeX 2.9\tex\generic\oberdiek\gettitlestring.sty"
Package: gettitlestring 2016/05/16 v1.5 Cleanup title references (HO)
)
\c@section@level=\count121
)
LaTeX Info: Redefining \ref on input line 16.
LaTeX Info: Redefining \pageref on input line 16.
LaTeX Info: Redefining \nameref on input line 16.

(report.out) (report.out)
\@outlinefile=\write3
\openout3 = `report.out'.


("C:\Program Files\MiKTeX 2.9\tex\latex\oberdiek\pdflscape.sty"
Package: pdflscape 2016/05/14 v0.11 Display of landscape pages in PDF (HO)

("C:\Program Files\MiKTeX 2.9\tex\latex\graphics\lscape.sty"
Package: lscape 2000/10/22 v3.01 Landscape Pages (DPC)
)
Package pdflscape Info: Auto-detected driver: pdftex on input line 81.
) (title.tex
LaTeX Font Info:    Try loading font information for U+msa on input line 15.

("C:\Program Files\MiKTeX 2.9\tex\latex\amsfonts\umsa.fd"
File: umsa.fd 2013/01/14 v3.01 AMS symbols A
)
LaTeX Font Info:    Try loading font information for U+msb on input line 15.

("C:\Program Files\MiKTeX 2.9\tex\latex\amsfonts\umsb.fd"
File: umsb.fd 2013/01/14 v3.01 AMS symbols B
)
<SIES_GST.png, id=99, 306.39468pt x 153.57375pt>
File: SIES_GST.png Graphic file (type png)
 <use SIES_GST.png>
Package pdftex.def Info: SIES_GST.png used on input line 34.
(pdftex.def)             Requested size: 209.5831pt x 105.04974pt.
 [1

{C:/Users/parth/AppData/Local/MiKTeX/2.9/pdftex/config/pdftex.map} <./SIES_GST.
png>])
(certificate.tex
Underfull \hbox (badness 10000) in paragraph at lines 10--11

 []


Underfull \hbox (badness 10000) in paragraph at lines 39--41

 []


Underfull \hbox (badness 10000) in paragraph at lines 43--44

 []


Underfull \hbox (badness 10000) in paragraph at lines 45--46

 []


Underfull \hbox (badness 10000) in paragraph at lines 47--48

 []

) (declaration.texpdfTeX warning (ext4): destination with the same identifier (
name{page.1}) has been already used, duplicate ignored
<to be read again> 
                   \relax 
l.1 \newpage
             [1]
Missing character: There is no ‚ in font cmr12!
Missing character: There is no Ä in font cmr12!
Missing character: There is no ô in font cmr12!

Underfull \hbox (badness 10000) in paragraph at lines 8--9

 []

) (acknow.tex [2]) [3

] (abstract.texpdfTeX warning (ext4): destination with the same identifier (nam
e{page.1}) has been already used, duplicate ignored
<to be read again> 
                   \relax 
l.13 \end{abstract}
                    [1]) (report.tocpdfTeX warning (ext4): destination with the
 same identifier (name{page.1}) has been already used, duplicate ignored
<to be read again> 
                   \relax 
l.24 ...ne {6}IEEE PRESENTED PAPER}{17}{chapter.6}
                                                   [1

])
\tf@toc=\write4
\openout4 = `report.toc'.

pdfTeX warning (ext4): destination with the same identifier (name{page.2}) has 
been already used, duplicate ignored
<to be read again> 
                   \relax 
l.34 \pagenumbering
                   {roman} [2] (report.lof)
\tf@lof=\write5
\openout5 = `report.lof'.

 [1

] (report.lot)
\tf@lot=\write6
\openout6 = `report.lot'.

 [2

]
(introduction.tex
Chapter 1.
pdfTeX warning (ext4): destination with the same identifier (name{page.1}) has 
been already used, duplicate ignored
<to be read again> 
                   \relax 
l.30 \subsection
                {Purpose} [1

]) (Literature_Survey.texpdfTeX warning (ext4): destination with the same ident
ifier (name{page.2}) has been already used, duplicate ignored
<to be read again> 
                   \relax 
l.3 \chapter
            {LITERATURE SURVEY} [2]
Chapter 2.
pdfTeX warning (ext4): destination with the same identifier (name{page.3}) has 
been already used, duplicate ignored
<to be read again> 
                   \relax 
l.34 
      [3

]) (implementation.tex [4]
Chapter 3.

LaTeX Warning: No positions in optional float specifier.
               Default added (so using `tbp') on input line 11.

Missing character: There is no √ in font cmr12!
Missing character: There is no ó in font cmr12!

Underfull \hbox (badness 10000) in paragraph at lines 27--30

 []

<Flowchart.png, id=217, 259.97125pt x 1247.66125pt>
File: Flowchart.png Graphic file (type png)
 <use Flowchart.png>
Package pdftex.def Info: Flowchart.png used on input line 38.
(pdftex.def)             Requested size: 108.405pt x 520.26372pt.

[5

]

LaTeX Warning: `!h' float specifier changed to `!ht'.

) (result_discussion.tex [6] [7 <./Flowchart.png>] [8]
Chapter 4.
LaTeX Font Info:    Try loading font information for OMS+cmr on input line 8.
("C:\Program Files\MiKTeX 2.9\tex\latex\base\omscmr.fd"
File: omscmr.fd 2014/09/29 v2.5h Standard LaTeX font definitions
)
LaTeX Font Info:    Font shape `OMS/cmr/m/n' in size <12> not available
(Font)              Font shape `OMS/cmsy/m/n' tried instead on input line 8.

<1.png, id=246, 626.34pt x 524.45938pt>
File: 1.png Graphic file (type png)
 <use 1.png>
Package pdftex.def Info: 1.png used on input line 11.
(pdftex.def)             Requested size: 180.67499pt x 151.28105pt.

<2.png, id=247, 557.58313pt x 494.34688pt>
File: 2.png Graphic file (type png)
 <use 2.png>
Package pdftex.def Info: 2.png used on input line 18.
(pdftex.def)             Requested size: 180.67499pt x 160.17807pt.

<3.png, id=248, 229.85875pt x 65.24374pt>
File: 3.png Graphic file (type png)
 <use 3.png>
Package pdftex.def Info: 3.png used on input line 25.
(pdftex.def)             Requested size: 144.54pt x 41.0291pt.


LaTeX Warning: `!h' float specifier changed to `!ht'.


LaTeX Warning: `!h' float specifier changed to `!ht'.

LaTeX Font Info:    Try loading font information for OML+cmr on input line 43.
("C:\Program Files\MiKTeX 2.9\tex\latex\base\omlcmr.fd"
File: omlcmr.fd 2014/09/29 v2.5h Standard LaTeX font definitions
)
LaTeX Font Info:    Font shape `OML/cmr/m/n' in size <12> not available
(Font)              Font shape `OML/cmm/m/it' tried instead on input line 43.
Missing character: There is no ‚ in font cmr12!
Missing character: There is no Ä in font cmr12!
Missing character: There is no ì in font cmr12!
 [9

 <./1.png>]

LaTeX Warning: No positions in optional float specifier.
               Default added (so using `tbp') on input line 70.

[10 <./2.png> <./3.png>] <4.png, id=272, 560.0925pt x 631.86063pt>
File: 4.png Graphic file (type png)
 <use 4.png>
Package pdftex.def Info: 4.png used on input line 85.
(pdftex.def)             Requested size: 144.54pt x 163.05542pt.

<5.png, id=273, 522.95375pt x 470.25688pt>
File: 5.png Graphic file (type png)
 <use 5.png>
Package pdftex.def Info: 5.png used on input line 92.
(pdftex.def)             Requested size: 180.67499pt x 162.46841pt.

<6.png, id=274, 506.89375pt x 555.57562pt>
File: 6.png Graphic file (type png)
 <use 6.png>
Package pdftex.def Info: 6.png used on input line 99.
(pdftex.def)             Requested size: 180.67499pt x 198.02335pt.


LaTeX Warning: `!h' float specifier changed to `!ht'.

<7.png, id=275, 565.61313pt x 477.785pt>
File: 7.png Graphic file (type png)
 <use 7.png>
Package pdftex.def Info: 7.png used on input line 106.
(pdftex.def)             Requested size: 252.94499pt x 213.66711pt.


LaTeX Warning: `!h' float specifier changed to `!ht'.

<8.png, id=276, 496.85625pt x 437.13312pt>
File: 8.png Graphic file (type png)
 <use 8.png>
Package pdftex.def Info: 8.png used on input line 113.
(pdftex.def)             Requested size: 252.94499pt x 222.5414pt.


LaTeX Warning: `!h' float specifier changed to `!ht'.

) (conclusion_future.tex [11 <./4.png> <./5.png>] [12 <./6.png> <./7.png>]
[13 <./8.png>]
Chapter 5.
) (ref.tex [14

]
Missing character: There is no ‚ in font cmti12!
Missing character: There is no Ä in font cmti12!
Missing character: There is no ú in font cmti12!
Missing character: There is no ‚ in font cmr12!
Missing character: There is no Ä in font cmr12!
Missing character: There is no ù in font cmr12!
Missing character: There is no ‚ in font cmr12!
Missing character: There is no Ä in font cmr12!
Missing character: There is no ì in font cmr12!
Missing character: There is no ‚ in font cmti12!
Missing character: There is no Ä in font cmti12!
Missing character: There is no ú in font cmti12!
Missing character: There is no ‚ in font cmr12!
Missing character: There is no Ä in font cmr12!
Missing character: There is no ù in font cmr12!
Missing character: There is no ‚ in font cmr12!
Missing character: There is no Ä in font cmr12!
Missing character: There is no ì in font cmr12!
Missing character: There is no ‚ in font cmti12!
Missing character: There is no Ä in font cmti12!
Missing character: There is no ú in font cmti12!
Missing character: There is no ‚ in font cmti12!
Missing character: There is no Ä in font cmti12!
Missing character: There is no ù in font cmti12!
Missing character: There is no √ in font cmr12!
Missing character: There is no ∏ in font cmr12!
Missing character: There is no ‚ in font cmti12!
Missing character: There is no Ä in font cmti12!
Missing character: There is no ú in font cmti12!
Missing character: There is no ‚ in font cmr12!
Missing character: There is no Ä in font cmr12!
Missing character: There is no ì in font cmr12!
Missing character: There is no ‚ in font cmr12!
Missing character: There is no Ä in font cmr12!
Missing character: There is no ì in font cmr12!
 [15

]
Missing character: There is no ‚ in font cmr12!
Missing character: There is no Ä in font cmr12!
Missing character: There is no ú in font cmr12!
Missing character: There is no ‚ in font cmr12!
Missing character: There is no Ä in font cmr12!
Missing character: There is no ù in font cmr12!

Underfull \hbox (badness 1178) in paragraph at lines 34--35
\OT1/cmr/m/n/12 2016. [On-line]. Avail-able: https://www.mathworks.com/products
/neural-
 []

Missing character: There is no ‚ in font cmr12!
Missing character: There is no Ä in font cmr12!
Missing character: There is no ú in font cmr12!
Missing character: There is no ‚ in font cmr12!
Missing character: There is no Ä in font cmr12!
Missing character: There is no ò in font cmr12!
Missing character: There is no ‚ in font cmr12!
Missing character: There is no Ä in font cmr12!
Missing character: There is no ô in font cmr12!
Missing character: There is no ‚ in font cmr12!
Missing character: There is no Ä in font cmr12!
Missing character: There is no ô in font cmr12!
Missing character: There is no ‚ in font cmr12!
Missing character: There is no Ä in font cmr12!
Missing character: There is no ù in font cmr12!

Underfull \hbox (badness 6110) in paragraph at lines 36--40
[]\OT1/cmr/m/n/12 Francisco, Check out this dataset churn in tele-coms dataset,
 in
 []


Underfull \hbox (badness 10000) in paragraph at lines 36--40
\OT1/cmr/m/n/12 BigML.com, BigML.com - Ma-chine Learn-ing Made Easy, 2017.
 []


Underfull \hbox (badness 10000) in paragraph at lines 36--40
\OT1/cmr/m/n/12 [On-line]. Avail-able: https://bigml.com/user/francisco/gallery
/
 []

) (ieee_paper.tex [16]
Chapter 6.


pdfTeX warning: pdflatex.exe (file ./ieee_paper.pdf): PDF inclusion: found PDF 
version <1.7>, but at most version <1.5> allowed
<ieee_paper.pdf, id=307, 614.295pt x 794.97pt>
File: ieee_paper.pdf Graphic file (type pdf)
 <use ieee_paper.pdf>
Package pdftex.def Info: ieee_paper.pdf used on input line 5.
(pdftex.def)             Requested size: 614.29349pt x 794.96806pt.


pdfTeX warning: pdflatex.exe (file ./ieee_paper.pdf): PDF inclusion: found PDF 
version <1.7>, but at most version <1.5> allowed
File: ieee_paper.pdf Graphic file (type pdf)
<use ieee_paper.pdf>
Package pdftex.def Info: ieee_paper.pdf used on input line 5.
(pdftex.def)             Requested size: 614.29349pt x 794.96806pt.


pdfTeX warning: pdflatex.exe (file ./ieee_paper.pdf): PDF inclusion: found PDF 
version <1.7>, but at most version <1.5> allowed


pdfTeX warning: pdflatex.exe (file ./ieee_paper.pdf): PDF inclusion: found PDF 
version <1.7>, but at most version <1.5> allowed
<ieee_paper.pdf, id=310, page=1, 614.295pt x 794.97pt>
File: ieee_paper.pdf Graphic file (type pdf)

<use ieee_paper.pdf, page 1>
Package pdftex.def Info: ieee_paper.pdf, page1 used on input line 5.
(pdftex.def)             Requested size: 614.29349pt x 794.96806pt.
File: ieee_paper.pdf Graphic file (type pdf)
 <use ieee_paper.pdf, page 1>
Package pdftex.def Info: ieee_paper.pdf, page1 used on input line 5.
(pdftex.def)             Requested size: 597.78697pt x 773.60669pt.
 [17

]
File: ieee_paper.pdf Graphic file (type pdf)

<use ieee_paper.pdf, page 1>
Package pdftex.def Info: ieee_paper.pdf, page1 used on input line 5.
(pdftex.def)             Requested size: 597.78697pt x 773.60669pt.
File: ieee_paper.pdf Graphic file (type pdf)
 <use ieee_paper.pdf, page 1>
Package pdftex.def Info: ieee_paper.pdf, page1 used on input line 5.
(pdftex.def)             Requested size: 597.78697pt x 773.60669pt.
File: ieee_paper.pdf Graphic file (type pdf)

<use ieee_paper.pdf, page 1>
Package pdftex.def Info: ieee_paper.pdf, page1 used on input line 5.
(pdftex.def)             Requested size: 597.78697pt x 773.60669pt.
 [18 <./ieee_paper.pdf>]

pdfTeX warning: pdflatex.exe (file ./ieee_paper.pdf): PDF inclusion: found PDF 
version <1.7>, but at most version <1.5> allowed
<ieee_paper.pdf, id=384, page=2, 614.295pt x 794.97pt>
File: ieee_paper.pdf Graphic file (type pdf)

<use ieee_paper.pdf, page 2>
Package pdftex.def Info: ieee_paper.pdf, page2 used on input line 5.
(pdftex.def)             Requested size: 597.78697pt x 773.60669pt.
File: ieee_paper.pdf Graphic file (type pdf)
 <use ieee_paper.pdf, page 2>
Package pdftex.def Info: ieee_paper.pdf, page2 used on input line 5.
(pdftex.def)             Requested size: 597.78697pt x 773.60669pt.
File: ieee_paper.pdf Graphic file (type pdf)

<use ieee_paper.pdf, page 2>
Package pdftex.def Info: ieee_paper.pdf, page2 used on input line 5.
(pdftex.def)             Requested size: 597.78697pt x 773.60669pt.
 [19 <./ieee_paper.pdf>]

pdfTeX warning: pdflatex.exe (file ./ieee_paper.pdf): PDF inclusion: found PDF 
version <1.7>, but at most version <1.5> allowed
<ieee_paper.pdf, id=398, page=3, 614.295pt x 794.97pt>
File: ieee_paper.pdf Graphic file (type pdf)

<use ieee_paper.pdf, page 3>
Package pdftex.def Info: ieee_paper.pdf, page3 used on input line 5.
(pdftex.def)             Requested size: 597.78697pt x 773.60669pt.
File: ieee_paper.pdf Graphic file (type pdf)
 <use ieee_paper.pdf, page 3>
Package pdftex.def Info: ieee_paper.pdf, page3 used on input line 5.
(pdftex.def)             Requested size: 597.78697pt x 773.60669pt.
File: ieee_paper.pdf Graphic file (type pdf)

<use ieee_paper.pdf, page 3>
Package pdftex.def Info: ieee_paper.pdf, page3 used on input line 5.
(pdftex.def)             Requested size: 597.78697pt x 773.60669pt.
 [20 <./ieee_paper.pdf>]

pdfTeX warning: pdflatex.exe (file ./ieee_paper.pdf): PDF inclusion: found PDF 
version <1.7>, but at most version <1.5> allowed
<ieee_paper.pdf, id=412, page=4, 614.295pt x 794.97pt>
File: ieee_paper.pdf Graphic file (type pdf)

<use ieee_paper.pdf, page 4>
Package pdftex.def Info: ieee_paper.pdf, page4 used on input line 5.
(pdftex.def)             Requested size: 597.78697pt x 773.60669pt.
File: ieee_paper.pdf Graphic file (type pdf)
 <use ieee_paper.pdf, page 4>
Package pdftex.def Info: ieee_paper.pdf, page4 used on input line 5.
(pdftex.def)             Requested size: 597.78697pt x 773.60669pt.
File: ieee_paper.pdf Graphic file (type pdf)

<use ieee_paper.pdf, page 4>
Package pdftex.def Info: ieee_paper.pdf, page4 used on input line 5.
(pdftex.def)             Requested size: 597.78697pt x 773.60669pt.
 [21 <./ieee_paper.pdf>]

pdfTeX warning: pdflatex.exe (file ./ieee_paper.pdf): PDF inclusion: found PDF 
version <1.7>, but at most version <1.5> allowed
<ieee_paper.pdf, id=430, page=5, 614.295pt x 794.97pt>
File: ieee_paper.pdf Graphic file (type pdf)

<use ieee_paper.pdf, page 5>
Package pdftex.def Info: ieee_paper.pdf, page5 used on input line 5.
(pdftex.def)             Requested size: 597.78697pt x 773.60669pt.
File: ieee_paper.pdf Graphic file (type pdf)
 <use ieee_paper.pdf, page 5>
Package pdftex.def Info: ieee_paper.pdf, page5 used on input line 5.
(pdftex.def)             Requested size: 597.78697pt x 773.60669pt.
File: ieee_paper.pdf Graphic file (type pdf)

<use ieee_paper.pdf, page 5>
Package pdftex.def Info: ieee_paper.pdf, page5 used on input line 5.
(pdftex.def)             Requested size: 597.78697pt x 773.60669pt.
 [22 <./ieee_paper.pdf>])
Package atveryend Info: Empty hook `BeforeClearDocument' on input line 54.
Package atveryend Info: Empty hook `AfterLastShipout' on input line 54.
 (report.aux)
Package atveryend Info: Executing hook `AtVeryEndDocument' on input line 54.
Package atveryend Info: Executing hook `AtEndAfterFileList' on input line 54.
Package rerunfilecheck Info: File `report.out' has not changed.
(rerunfilecheck)             Checksum: D6FE19A00C35E0D1B536807803593A1C;1494.
Package atveryend Info: Empty hook `AtVeryVeryEnd' on input line 54.
 ) 
Here is how much of TeX's memory you used:
 7412 strings out of 493333
 105523 string characters out of 3139194
 200730 words of memory out of 3000000
 10722 multiletter control sequences out of 15000+200000
 11364 words of font info for 42 fonts, out of 3000000 for 9000
 1141 hyphenation exceptions out of 8191
 42i,18n,46p,817b,454s stack positions out of 5000i,500n,10000p,200000b,50000s
<C:/Program Files/MiKTeX 2.9/fonts/type1/public/amsfonts/cm/cmbx10.pfb><C:/Pr
ogram Files/MiKTeX 2.9/fonts/type1/public/amsfonts/cm/cmbx12.pfb><C:/Program Fi
les/MiKTeX 2.9/fonts/type1/public/amsfonts/cm/cmmi10.pfb><C:/Program Files/MiKT
eX 2.9/fonts/type1/public/amsfonts/cm/cmmi12.pfb><C:/Program Files/MiKTeX 2.9/f
onts/type1/public/amsfonts/cm/cmmi8.pfb><C:/Program Files/MiKTeX 2.9/fonts/type
1/public/amsfonts/cm/cmr10.pfb><C:/Program Files/MiKTeX 2.9/fonts/type1/public/
amsfonts/cm/cmr12.pfb><C:/Program Files/MiKTeX 2.9/fonts/type1/public/amsfonts/
cm/cmr6.pfb><C:/Program Files/MiKTeX 2.9/fonts/type1/public/amsfonts/cm/cmr7.pf
b><C:/Program Files/MiKTeX 2.9/fonts/type1/public/amsfonts/cm/cmr8.pfb><C:/Prog
ram Files/MiKTeX 2.9/fonts/type1/public/amsfonts/cm/cmsy10.pfb><C:/Program File
s/MiKTeX 2.9/fonts/type1/public/amsfonts/cm/cmsy7.pfb><C:/Program Files/MiKTeX 
2.9/fonts/type1/public/amsfonts/cm/cmsy8.pfb><C:/Program Files/MiKTeX 2.9/fonts
/type1/public/amsfonts/cm/cmti12.pfb><C:/Program Files/MiKTeX 2.9/fonts/type1/u
rw/times/utmb8a.pfb><C:/Program Files/MiKTeX 2.9/fonts/type1/urw/times/utmbi8a.
pfb><C:/Program Files/MiKTeX 2.9/fonts/type1/urw/times/utmr8a.pfb><C:/Program F
iles/MiKTeX 2.9/fonts/type1/urw/times/utmri8a.pfb>
Output written on report.pdf (31 pages, 4699079 bytes).
PDF statistics:
 494 PDF objects out of 1000 (max. 8388607)
 82 named destinations out of 1000 (max. 500000)
 283 words of extra memory for PDF output out of 10000 (max. 10000000)

