\BOOKMARK [0][-]{chapter*.3}{List of Figures}{}% 1
\BOOKMARK [0][-]{chapter*.4}{List of Tables}{}% 2
\BOOKMARK [0][-]{chapter.1}{INTRODUCTION}{}% 3
\BOOKMARK [1][-]{section.1.1}{Background}{chapter.1}% 4
\BOOKMARK [1][-]{section.1.2}{Objective}{chapter.1}% 5
\BOOKMARK [1][-]{section.1.3}{Purpose, Scope and applicability}{chapter.1}% 6
\BOOKMARK [2][-]{subsection.1.3.1}{Purpose}{section.1.3}% 7
\BOOKMARK [2][-]{subsection.1.3.2}{Scope}{section.1.3}% 8
\BOOKMARK [2][-]{subsection.1.3.3}{Applicability}{section.1.3}% 9
\BOOKMARK [0][-]{chapter.2}{LITERATURE SURVEY}{}% 10
\BOOKMARK [1][-]{section.2.1}{Literature Survey}{chapter.2}% 11
\BOOKMARK [2][-]{subsection.2.1.1}{Dataset Used for the Experiment}{section.2.1}% 12
\BOOKMARK [2][-]{subsection.2.1.2}{Pattern Matching and Clustering Neural Networks Using Supervised Learning}{section.2.1}% 13
\BOOKMARK [1][-]{section.2.2}{Problem Definition}{chapter.2}% 14
\BOOKMARK [0][-]{chapter.3}{IMPLEMENTATION}{}% 15
\BOOKMARK [1][-]{section.3.1}{Hardware}{chapter.3}% 16
\BOOKMARK [1][-]{section.3.2}{Software}{chapter.3}% 17
\BOOKMARK [1][-]{section.3.3}{Algorithm}{chapter.3}% 18
\BOOKMARK [0][-]{chapter.4}{RESULT AND DISCUSSION}{}% 19
\BOOKMARK [0][-]{chapter.5}{CONCLUSION AND FUTURE SCOPE}{}% 20
\BOOKMARK [1][-]{section.5.1}{Conclusion}{chapter.5}% 21
\BOOKMARK [1][-]{section.5.2}{Future Scope}{chapter.5}% 22
\BOOKMARK [0][-]{section*.6}{REFERENCES}{}% 23
\BOOKMARK [0][-]{chapter.6}{IEEE PRESENTED PAPER}{}% 24
